<?xml version="1.0" encoding="UTF-8"?>
<!-- Generated by org.testng.reporters.JUnitReportReporter -->
<testsuite hostname="SACHU-PC" name="com.robot.keyboardActivity.DownloadFileUsingRobotClass" tests="1" failures="0" timestamp="17 Aug 2019 15:53:28 GMT" time="149.119" errors="0">
  <testcase name="downloadFile" time="149.119" classname="com.robot.keyboardActivity.DownloadFileUsingRobotClass"/>
</testsuite> <!-- com.robot.keyboardActivity.DownloadFileUsingRobotClass -->
